[  1%] Building CXX object CMakeFiles/astra_fsw_core.dir/fsw/src/configuration_service.cpp.o
[  3%] Building CXX object CMakeFiles/astra_fsw_core.dir/fsw/src/command_processor.cpp.o
[  6%] Building CXX object CMakeFiles/astra_fsw_core.dir/fsw/src/flight_software_executive.cpp.o
[  6%] Building CXX object CMakeFiles/astra_fsw_core.dir/fsw/src/command_authorizer.cpp.o
[  7%] Building CXX object CMakeFiles/astra_fsw_core.dir/fsw/src/flight_software_app.cpp.o
[  9%] Building CXX object CMakeFiles/astra_fsw_core.dir/fsw/src/recovery_supervisor.cpp.o
[ 10%] Linking CXX static library libastra_fsw_core.a
[ 27%] Built target astra_fsw_core
[ 28%] Linking CXX executable astra_fsw
[ 30%] Linking CXX executable astra_command_tests
[ 31%] Building CXX object CMakeFiles/astra_command_authorizer_tests.dir/fsw/tests/test_command_authorizer.cpp.o
[ 33%] Linking CXX executable astra_fsw_telemetry_demo
[ 34%] Building CXX object CMakeFiles/astra_fsw_command_telemetry_demo.dir/fsw/src/command_telemetry_demo.cpp.o
[ 36%] Building CXX object CMakeFiles/astra_extended_mode_tests.dir/fsw/tests/test_extended_modes.cpp.o
[ 37%] Linking CXX executable astra_fsw_tests
[ 40%] Building CXX object CMakeFiles/astra_timing_campaign.dir/fsw/src/timing_campaign.cpp.o
[ 42%] Linking CXX executable astra_event_logger_tests
[ 43%] Linking CXX executable astra_udp_command_receiver_tests
[ 46%] Linking CXX executable astra_telemetry_tests
[ 48%] Building CXX object CMakeFiles/astra_flight_software_app_tests.dir/fsw/tests/test_flight_software_app.cpp.o
[ 53%] Building CXX object CMakeFiles/astra_configuration_service_tests.dir/fsw/tests/test_configuration_service.cpp.o
[ 54%] Linking CXX executable astra_rate_group_scheduler_tests
[ 56%] Building CXX object CMakeFiles/astra_event_integration_tests.dir/fsw/tests/test_event_integration.cpp.o
[ 60%] Building CXX object CMakeFiles/astra_simultaneous_fault_tests.dir/fsw/tests/test_simultaneous_faults.cpp.o
[ 62%] Building CXX object CMakeFiles/astra_command_processor_tests.dir/fsw/tests/test_command_processor.cpp.o
[ 63%] Linking CXX executable astra_health_monitor_tests
[ 65%] Linking CXX executable astra_ground_command_guard_tests
[ 68%] Building CXX object CMakeFiles/astra_flight_software_executive_tests.dir/fsw/tests/test_flight_software_executive.cpp.o
[ 69%] Linking CXX executable astra_watchdog_tests
[ 71%] Linking CXX executable astra_fdir_manager_tests
[ 72%] Linking CXX executable astra_udp_telemetry_tests
[ 74%] Built target astra_fsw_tests
[ 74%] Building CXX object CMakeFiles/astra_recovery_supervisor_tests.dir/fsw/tests/test_recovery_supervisor.cpp.o
[ 74%] Built target astra_fsw
[ 75%] Built target astra_command_tests
[ 77%] Built target astra_fsw_telemetry_demo
[ 77%] Built target astra_event_logger_tests
[ 78%] Built target astra_telemetry_tests
[ 78%] Built target astra_udp_command_receiver_tests
[ 83%] Built target astra_health_monitor_tests
[ 83%] Built target astra_rate_group_scheduler_tests
[ 83%] Built target astra_ground_command_guard_tests
[ 83%] Built target astra_fdir_manager_tests
[ 83%] Built target astra_watchdog_tests
[ 83%] Built target astra_udp_telemetry_tests
[ 84%] Linking CXX executable astra_flight_software_app_tests
[ 86%] Linking CXX executable astra_command_processor_tests
[ 87%] Linking CXX executable astra_extended_mode_tests
[ 89%] Linking CXX executable astra_command_authorizer_tests
[ 90%] Linking CXX executable astra_simultaneous_fault_tests
[ 92%] Linking CXX executable astra_fsw_command_telemetry_demo
[ 93%] Linking CXX executable astra_configuration_service_tests
[ 95%] Linking CXX executable astra_timing_campaign
[ 96%] Linking CXX executable astra_flight_software_executive_tests
[ 98%] Linking CXX executable astra_event_integration_tests
[100%] Linking CXX executable astra_recovery_supervisor_tests
[100%] Built target astra_flight_software_app_tests
[100%] Built target astra_extended_mode_tests
[100%] Built target astra_fsw_command_telemetry_demo
[100%] Built target astra_flight_software_executive_tests
[100%] Built target astra_configuration_service_tests
[100%] Built target astra_timing_campaign
[100%] Built target astra_command_authorizer_tests
[100%] Built target astra_command_processor_tests
[100%] Built target astra_simultaneous_fault_tests
[100%] Built target astra_recovery_supervisor_tests
[100%] Built target astra_event_integration_tests
