
== full_verification ==
+ /usr/bin/python3 /home/xpired/ghost_ws/tools/astra-os-hil/tools/run_all_scenarios.py --build-dir build-pi
-- The CXX compiler identification is GNU 13.3.0
-- Detecting CXX compiler ABI info
-- Detecting CXX compiler ABI info - done
-- Check for working CXX compiler: /usr/bin/c++ - skipped
-- Detecting CXX compile features
-- Detecting CXX compile features - done
-- Configuring done (5.0s)
-- Generating done (0.1s)
-- Build files have been written to: /home/xpired/ghost_ws/tools/astra-os-hil/build
[  3%] Building CXX object CMakeFiles/astra_fsw_core.dir/fsw/src/event_logger.cpp.o
[  3%] Building CXX object CMakeFiles/astra_fsw_core.dir/fsw/src/fdir_manager.cpp.o
[  5%] Building CXX object CMakeFiles/astra_fsw_core.dir/fsw/src/mode_manager.cpp.o
[  6%] Building CXX object CMakeFiles/astra_fsw_core.dir/fsw/src/telemetry_packet.cpp.o
[  8%] Building CXX object CMakeFiles/astra_fsw_core.dir/fsw/src/udp_telemetry_sender.cpp.o
[ 10%] Building CXX object CMakeFiles/astra_fsw_core.dir/fsw/src/command_packet.cpp.o
[ 11%] Building CXX object CMakeFiles/astra_fsw_core.dir/fsw/src/command_processor.cpp.o
[ 13%] Building CXX object CMakeFiles/astra_fsw_core.dir/fsw/src/udp_command_receiver.cpp.o
[ 15%] Building CXX object CMakeFiles/astra_fsw_core.dir/fsw/src/flight_software_app.cpp.o
[ 16%] Building CXX object CMakeFiles/astra_fsw_core.dir/fsw/src/health_monitor.cpp.o
[ 18%] Building CXX object CMakeFiles/astra_fsw_core.dir/fsw/src/rate_group_scheduler.cpp.o
[ 20%] Building CXX object CMakeFiles/astra_fsw_core.dir/fsw/src/watchdog.cpp.o
[ 21%] Building CXX object CMakeFiles/astra_fsw_core.dir/fsw/src/flight_software_executive.cpp.o
[ 23%] Building CXX object CMakeFiles/astra_fsw_core.dir/fsw/src/ground_command_guard.cpp.o
[ 25%] Building CXX object CMakeFiles/astra_fsw_core.dir/fsw/src/configuration_service.cpp.o
[ 26%] Linking CXX static library libastra_fsw_core.a
[ 26%] Built target astra_fsw_core
[ 30%] Building CXX object CMakeFiles/astra_fsw_telemetry_demo.dir/fsw/src/telemetry_demo.cpp.o
[ 30%] Building CXX object CMakeFiles/astra_fsw.dir/fsw/src/main.cpp.o
[ 31%] Building CXX object CMakeFiles/astra_fsw_command_telemetry_demo.dir/fsw/src/command_telemetry_demo.cpp.o
[ 33%] Building CXX object CMakeFiles/astra_timing_campaign.dir/fsw/src/timing_campaign.cpp.o
[ 35%] Linking CXX executable astra_fsw
[ 36%] Linking CXX executable astra_fsw_telemetry_demo
[ 38%] Linking CXX executable astra_fsw_command_telemetry_demo
[ 38%] Built target astra_fsw
[ 40%] Building CXX object CMakeFiles/astra_fsw_tests.dir/fsw/tests/test_mode_manager.cpp.o
[ 40%] Built target astra_fsw_command_telemetry_demo
[ 41%] Building CXX object CMakeFiles/astra_telemetry_tests.dir/fsw/tests/test_telemetry_packet.cpp.o
[ 41%] Built target astra_fsw_telemetry_demo
[ 43%] Linking CXX executable astra_timing_campaign
[ 45%] Building CXX object CMakeFiles/astra_udp_telemetry_tests.dir/fsw/tests/test_udp_telemetry_sender.cpp.o
[ 45%] Built target astra_timing_campaign
[ 46%] Building CXX object CMakeFiles/astra_command_tests.dir/fsw/tests/test_command_packet.cpp.o
[ 48%] Linking CXX executable astra_fsw_tests
[ 50%] Linking CXX executable astra_udp_telemetry_tests
[ 51%] Linking CXX executable astra_telemetry_tests
[ 53%] Linking CXX executable astra_command_tests
[ 53%] Built target astra_udp_telemetry_tests
[ 55%] Building CXX object CMakeFiles/astra_command_processor_tests.dir/fsw/tests/test_command_processor.cpp.o
[ 55%] Built target astra_telemetry_tests
[ 56%] Building CXX object CMakeFiles/astra_udp_command_receiver_tests.dir/fsw/tests/test_udp_command_receiver.cpp.o
[ 56%] Built target astra_fsw_tests
[ 58%] Building CXX object CMakeFiles/astra_flight_software_app_tests.dir/fsw/tests/test_flight_software_app.cpp.o
[ 60%] Linking CXX executable astra_command_processor_tests
[ 60%] Built target astra_command_tests
[ 61%] Linking CXX executable astra_udp_command_receiver_tests
[ 63%] Linking CXX executable astra_flight_software_app_tests
[ 65%] Building CXX object CMakeFiles/astra_health_monitor_tests.dir/fsw/tests/test_health_monitor.cpp.o
[ 65%] Built target astra_command_processor_tests
[ 66%] Building CXX object CMakeFiles/astra_watchdog_tests.dir/fsw/tests/test_watchdog.cpp.o
[ 66%] Built target astra_udp_command_receiver_tests
[ 68%] Linking CXX executable astra_health_monitor_tests
[ 70%] Building CXX object CMakeFiles/astra_rate_group_scheduler_tests.dir/fsw/tests/test_rate_group_scheduler.cpp.o
[ 70%] Built target astra_flight_software_app_tests
[ 71%] Building CXX object CMakeFiles/astra_extended_mode_tests.dir/fsw/tests/test_extended_modes.cpp.o
[ 71%] Built target astra_health_monitor_tests
[ 73%] Building CXX object CMakeFiles/astra_fdir_manager_tests.dir/fsw/tests/test_fdir_manager.cpp.o
[ 75%] Linking CXX executable astra_watchdog_tests
[ 76%] Linking CXX executable astra_extended_mode_tests
[ 78%] Linking CXX executable astra_rate_group_scheduler_tests
[ 78%] Built target astra_watchdog_tests
[ 80%] Building CXX object CMakeFiles/astra_simultaneous_fault_tests.dir/fsw/tests/test_simultaneous_faults.cpp.o
[ 81%] Linking CXX executable astra_fdir_manager_tests
[ 81%] Built target astra_fdir_manager_tests
[ 83%] Building CXX object CMakeFiles/astra_flight_software_executive_tests.dir/fsw/tests/test_flight_software_executive.cpp.o
[ 83%] Built target astra_extended_mode_tests
[ 85%] Building CXX object CMakeFiles/astra_event_logger_tests.dir/fsw/tests/test_event_logger.cpp.o
[ 85%] Built target astra_rate_group_scheduler_tests
[ 86%] Linking CXX executable astra_simultaneous_fault_tests
[ 88%] Building CXX object CMakeFiles/astra_event_integration_tests.dir/fsw/tests/test_event_integration.cpp.o
[ 90%] Linking CXX executable astra_flight_software_executive_tests
[ 90%] Built target astra_simultaneous_fault_tests
[ 91%] Building CXX object CMakeFiles/astra_ground_command_guard_tests.dir/fsw/tests/test_ground_command_guard.cpp.o
[ 93%] Linking CXX executable astra_event_logger_tests
[ 95%] Linking CXX executable astra_event_integration_tests
[ 95%] Built target astra_flight_software_executive_tests
[ 96%] Building CXX object CMakeFiles/astra_configuration_service_tests.dir/fsw/tests/test_configuration_service.cpp.o
[ 96%] Built target astra_event_logger_tests
[ 96%] Built target astra_event_integration_tests
[ 98%] Linking CXX executable astra_ground_command_guard_tests
[ 98%] Built target astra_ground_command_guard_tests
[100%] Linking CXX executable astra_configuration_service_tests
[100%] Built target astra_configuration_service_tests
Test project /home/xpired/ghost_ws/tools/astra-os-hil/build
      Start  1: mode_manager_tests
 1/18 Test  #1: mode_manager_tests ................   Passed    0.01 sec
      Start  2: telemetry_packet_tests
 2/18 Test  #2: telemetry_packet_tests ............   Passed    0.01 sec
      Start  3: udp_telemetry_sender_tests
 3/18 Test  #3: udp_telemetry_sender_tests ........   Passed    0.01 sec
      Start  4: command_packet_tests
 4/18 Test  #4: command_packet_tests ..............   Passed    0.01 sec
      Start  5: command_processor_tests
 5/18 Test  #5: command_processor_tests ...........   Passed    0.01 sec
      Start  6: udp_command_receiver_tests
 6/18 Test  #6: udp_command_receiver_tests ........   Passed    0.01 sec
      Start  7: flight_software_app_tests
 7/18 Test  #7: flight_software_app_tests .........   Passed    0.01 sec
      Start  8: health_monitor_tests
 8/18 Test  #8: health_monitor_tests ..............   Passed    0.01 sec
      Start  9: watchdog_tests
 9/18 Test  #9: watchdog_tests ....................   Passed    0.01 sec
      Start 10: rate_group_scheduler_tests
10/18 Test #10: rate_group_scheduler_tests ........   Passed    0.01 sec
      Start 11: extended_mode_tests
11/18 Test #11: extended_mode_tests ...............   Passed    0.01 sec
      Start 12: fdir_manager_tests
12/18 Test #12: fdir_manager_tests ................   Passed    0.01 sec
      Start 13: simultaneous_fault_tests
13/18 Test #13: simultaneous_fault_tests ..........   Passed    0.01 sec
      Start 14: flight_software_executive_tests
14/18 Test #14: flight_software_executive_tests ...   Passed    0.01 sec
      Start 15: event_logger_tests
15/18 Test #15: event_logger_tests ................   Passed    0.01 sec
      Start 16: event_integration_tests
16/18 Test #16: event_integration_tests ...........   Passed    0.01 sec
      Start 17: ground_command_guard_tests
17/18 Test #17: ground_command_guard_tests ........   Passed    0.01 sec
      Start 18: configuration_service_tests
18/18 Test #18: configuration_service_tests .......   Passed    0.01 sec

100% tests passed, 0 tests failed out of 18

Total Test time (real) =   0.24 sec
AstraSim-FSW starting...
Mode: BOOT
Mode transition: BOOT -> NOMINAL
Heartbeat 1 | Mode: NOMINAL
Heartbeat 2 | Mode: NOMINAL
Heartbeat 3 | Mode: NOMINAL
Heartbeat 4 | Mode: NOMINAL
Heartbeat 5 | Mode: NOMINAL
Injecting simulated CPU overload fault...
Mode transition: NOMINAL -> DEGRADED_PAYLOAD | Reason: CPU_OVERLOAD
AstraSim-FSW shutdown.
Running scenario: basic_command_fault
[SEND] seq=1 SET_MODE NOMINAL
[PASS] set nominal: mode=NOMINAL fault=NONE ack_seq=1 ack_cmd=SET_MODE ack_status=ACCEPTED
[SEND] seq=2 INJECT_FAULT CPU_OVERLOAD
[PASS] inject cpu fault: mode=DEGRADED_PAYLOAD fault=CPU_OVERLOAD ack_seq=2 ack_cmd=INJECT_FAULT ack_status=ACCEPTED
[SEND] seq=3 CLEAR_FAULT
[PASS] clear fault: mode=DEGRADED_PAYLOAD fault=NONE ack_seq=3 ack_cmd=CLEAR_FAULT ack_status=ACCEPTED
Scenario passed.
Report written to reports/scenario_basic_command_fault_output.txt
Running scenario: hil_smoke_test
[SEND] seq=1 SET_MODE NOMINAL
[PASS] external controller sets nominal: mode=NOMINAL fault=NONE ack_seq=1 ack_cmd=SET_MODE ack_status=ACCEPTED
[SEND] seq=2 INJECT_FAULT CPU_OVERLOAD
[PASS] external controller injects cpu overload: mode=DEGRADED_PAYLOAD fault=CPU_OVERLOAD ack_seq=2 ack_cmd=INJECT_FAULT ack_status=ACCEPTED
[SEND] seq=3 CLEAR_FAULT
[PASS] external controller clears fault: mode=DEGRADED_PAYLOAD fault=NONE ack_seq=3 ack_cmd=CLEAR_FAULT ack_status=ACCEPTED
Scenario passed.
Report written to reports/scenario_hil_smoke_test_output.txt
Running scenario: invalid_transition_rejected
[SEND] seq=1 SET_MODE RECOVERY
[PASS] reject boot to recovery: mode=BOOT fault=NONE ack_seq=1 ack_cmd=SET_MODE ack_status=REJECTED_INVALID_TRANSITION
Scenario passed.
Report written to reports/scenario_invalid_transition_rejected_output.txt
Running scenario: sensor_timeout_safe_mode
[SEND] seq=1 SET_MODE NOMINAL
[PASS] set nominal before sensor timeout: mode=NOMINAL fault=NONE ack_seq=1 ack_cmd=SET_MODE ack_status=ACCEPTED
[WAIT] wait for sensor timeout safe mode
[PASS] wait for sensor timeout safe mode: mode=SAFE fault=SENSOR_TIMEOUT ack_seq=1 ack_cmd=SET_MODE ack_status=ACCEPTED
Scenario passed.
Report written to reports/scenario_sensor_timeout_safe_mode_output.txt
Running scenario: watchdog_timeout_safe_mode
[SEND] seq=1 SET_MODE NOMINAL
[PASS] set nominal before watchdog timeout: mode=NOMINAL fault=NONE ack_seq=1 ack_cmd=SET_MODE ack_status=ACCEPTED
[WAIT] wait for watchdog timeout safe mode
[PASS] wait for watchdog timeout safe mode: mode=SAFE fault=WATCHDOG_DEADLINE_MISS ack_seq=1 ack_cmd=SET_MODE ack_status=ACCEPTED
Scenario passed.
Report written to reports/scenario_watchdog_timeout_safe_mode_output.txt
Monte Carlo seed: 20260626
Trials: 25
[PASS] monte_carlo_trial_001_nominal_transition
[PASS] monte_carlo_trial_002_nominal_transition
[PASS] monte_carlo_trial_003_nominal_transition
[PASS] monte_carlo_trial_004_watchdog_timeout
[PASS] monte_carlo_trial_005_cpu_fault_clear
[PASS] monte_carlo_trial_006_watchdog_timeout
[PASS] monte_carlo_trial_007_invalid_transition
[PASS] monte_carlo_trial_008_sensor_timeout
[PASS] monte_carlo_trial_009_cpu_fault_clear
[PASS] monte_carlo_trial_010_sensor_timeout
[PASS] monte_carlo_trial_011_sensor_timeout
[PASS] monte_carlo_trial_012_sensor_timeout
[PASS] monte_carlo_trial_013_invalid_transition
[PASS] monte_carlo_trial_014_invalid_transition
[PASS] monte_carlo_trial_015_nominal_transition
[PASS] monte_carlo_trial_016_cpu_fault_clear
[PASS] monte_carlo_trial_017_watchdog_timeout
[PASS] monte_carlo_trial_018_watchdog_timeout
[PASS] monte_carlo_trial_019_sensor_timeout
[PASS] monte_carlo_trial_020_nominal_transition
[PASS] monte_carlo_trial_021_nominal_transition
[PASS] monte_carlo_trial_022_watchdog_timeout
[PASS] monte_carlo_trial_023_nominal_transition
[PASS] monte_carlo_trial_024_cpu_fault_clear
[PASS] monte_carlo_trial_025_nominal_transition

== Monte Carlo Summary ==
Passed: 25
Failed: 0
Total:  25
Report written to reports/monte_carlo_report.md
-- Configuring done (0.0s)
-- Generating done (0.3s)
-- Build files have been written to: /home/xpired/ghost_ws/tools/astra-os-hil/build-pi
[ 88%] Built target astra_fsw_core
[100%] Built target astra_fsw
[ 88%] Built target astra_fsw_core
[100%] Built target astra_fsw_command_telemetry_demo
Package written to dist/astrasim-fsw-pi.tar.gz
Report written to reports/pi_deployment_package_report.md
[PASS] C++ Mode enum
[PASS] C++ FaultCode enum
[PASS] C++ CommandId enum
[PASS] C++ CommandStatus enum
[PASS] C++ command magic
[PASS] C++ command version
[PASS] C++ command size
[PASS] C++ telemetry magic
[PASS] C++ telemetry version
[PASS] C++ telemetry type
[PASS] C++ telemetry size
[PASS] Python sender commands
[PASS] Python sender modes
[PASS] Python sender faults
[PASS] Python sender command magic
[PASS] Python sender command version
[PASS] Python receiver commands
[PASS] Python receiver modes
[PASS] Python receiver faults
[PASS] Python receiver statuses
[PASS] Python telemetry magic
[PASS] Python telemetry version
[PASS] Python telemetry type
[PASS] Python telemetry size
Report: reports/latest/protocol_conformance.json
Requirement check complete.
PASS=9
MANUAL=37
PLANNED=15
HISTORICAL=1
FAIL=0
TRACEABILITY_PROBLEMS=0
Report written to reports/requirement_check_report.md
== Building and running unit tests ==

== Running YAML scenarios ==

--- scenarios/basic_command_fault.yaml ---

--- scenarios/hil_smoke_test.yaml ---

--- scenarios/invalid_transition_rejected.yaml ---

--- scenarios/sensor_timeout_safe_mode.yaml ---

--- scenarios/watchdog_timeout_safe_mode.yaml ---

== Scenario Summary ==
PASS: scenarios/basic_command_fault.yaml
PASS: scenarios/hil_smoke_test.yaml
PASS: scenarios/invalid_transition_rejected.yaml
PASS: scenarios/sensor_timeout_safe_mode.yaml
PASS: scenarios/watchdog_timeout_safe_mode.yaml

Passed: 5
Failed: 0
Total:  5

== Running Monte Carlo regression ==

== Building Raspberry Pi deployment package ==

== Checking protocol conformance ==

== Checking requirement traceability ==
[PASS] full_verification

== configure_sanitizers ==
+ cmake -S . -B /home/xpired/ghost_ws/tools/astra-os-hil/build-assurance-sanitizers -DCMAKE_BUILD_TYPE=Debug -DASTRA_WARNINGS_AS_ERRORS=ON -DASTRA_ENABLE_SANITIZERS=ON
-- Configuring done (0.0s)
-- Generating done (0.9s)
-- Build files have been written to: /home/xpired/ghost_ws/tools/astra-os-hil/build-assurance-sanitizers
[PASS] configure_sanitizers

== build_sanitizers ==
+ cmake --build /home/xpired/ghost_ws/tools/astra-os-hil/build-assurance-sanitizers --parallel
[ 26%] Built target astra_fsw_core
[ 30%] Built target astra_udp_telemetry_tests
[ 33%] Built target astra_extended_mode_tests
[ 36%] Built target astra_watchdog_tests
[ 40%] Built target astra_fsw_telemetry_demo
[ 46%] Built target astra_fsw_command_telemetry_demo
[ 46%] Built target astra_flight_software_executive_tests
[ 50%] Built target astra_telemetry_tests
[ 53%] Built target astra_health_monitor_tests
[ 56%] Built target astra_event_logger_tests
[ 60%] Built target astra_fsw
[ 63%] Built target astra_fdir_manager_tests
[ 66%] Built target astra_timing_campaign
[ 70%] Built target astra_command_processor_tests
[ 73%] Built target astra_command_tests
[ 76%] Built target astra_flight_software_app_tests
[ 80%] Built target astra_rate_group_scheduler_tests
[ 83%] Built target astra_simultaneous_fault_tests
[ 86%] Built target astra_ground_command_guard_tests
[ 90%] Built target astra_configuration_service_tests
[ 93%] Built target astra_fsw_tests
[ 96%] Built target astra_event_integration_tests
[100%] Built target astra_udp_command_receiver_tests
[PASS] build_sanitizers

== test_sanitizers ==
+ ctest --test-dir /home/xpired/ghost_ws/tools/astra-os-hil/build-assurance-sanitizers --output-on-failureWrote provenance manifest: reports/latest/baseline_manifest.json
Hashed inputs: 108

Internal ctest changing into directory: /home/xpired/ghost_ws/tools/astra-os-hil/build-assurance-sanitizers
Test project /home/xpired/ghost_ws/tools/astra-os-hil/build-assurance-sanitizers
      Start  1: mode_manager_tests
 1/18 Test  #1: mode_manager_tests ................   Passed    0.05 sec
      Start  2: telemetry_packet_tests
 2/18 Test  #2: telemetry_packet_tests ............   Passed    0.05 sec
      Start  3: udp_telemetry_sender_tests
 3/18 Test  #3: udp_telemetry_sender_tests ........   Passed    0.05 sec
      Start  4: command_packet_tests
 4/18 Test  #4: command_packet_tests ..............   Passed    0.08 sec
      Start  5: command_processor_tests
 5/18 Test  #5: command_processor_tests ...........   Passed    0.06 sec
      Start  6: udp_command_receiver_tests
 6/18 Test  #6: udp_command_receiver_tests ........   Passed    0.06 sec
      Start  7: flight_software_app_tests
 7/18 Test  #7: flight_software_app_tests .........   Passed    0.07 sec
      Start  8: health_monitor_tests
 8/18 Test  #8: health_monitor_tests ..............   Passed    0.05 sec
      Start  9: watchdog_tests
 9/18 Test  #9: watchdog_tests ....................   Passed    0.05 sec
      Start 10: rate_group_scheduler_tests
10/18 Test #10: rate_group_scheduler_tests ........   Passed    0.06 sec
      Start 11: extended_mode_tests
11/18 Test #11: extended_mode_tests ...............   Passed    0.06 sec
      Start 12: fdir_manager_tests
12/18 Test #12: fdir_manager_tests ................   Passed    0.05 sec
      Start 13: simultaneous_fault_tests
13/18 Test #13: simultaneous_fault_tests ..........   Passed    0.06 sec
      Start 14: flight_software_executive_tests
14/18 Test #14: flight_software_executive_tests ...   Passed    0.07 sec
      Start 15: event_logger_tests
15/18 Test #15: event_logger_tests ................   Passed    0.05 sec
      Start 16: event_integration_tests
16/18 Test #16: event_integration_tests ...........   Passed    0.06 sec
      Start 17: ground_command_guard_tests
17/18 Test #17: ground_command_guard_tests ........   Passed    0.05 sec
      Start 18: configuration_service_tests
18/18 Test #18: configuration_service_tests .......   Passed    0.05 sec

100% tests passed, 0 tests failed out of 18

Total Test time (real) =   1.06 sec
[PASS] test_sanitizers

== controlled_mutation ==
+ /usr/bin/python3 /home/xpired/ghost_ws/tools/astra-os-hil/tools/run_controlled_mutation.py
-- The CXX compiler identification is GNU 13.3.0
-- Detecting CXX compiler ABI info
-- Detecting CXX compiler ABI info - done
-- Check for working CXX compiler: /usr/bin/c++ - skipped
-- Detecting CXX compile features
-- Detecting CXX compile features - done
-- Configuring done (1.2s)
-- Generating done (0.2s)
-- Build files have been written to: /tmp/astra-os-mutation-lvwglo1b/build
[  5%] Building CXX object CMakeFiles/astra_fsw_core.dir/fsw/src/mode_manager.cpp.o
[ 11%] Building CXX object CMakeFiles/astra_fsw_core.dir/fsw/src/event_logger.cpp.o
[ 16%] Building CXX object CMakeFiles/astra_fsw_core.dir/fsw/src/command_processor.cpp.o
[ 22%] Building CXX object CMakeFiles/astra_fsw_core.dir/fsw/src/udp_telemetry_sender.cpp.o
[ 38%] Building CXX object CMakeFiles/astra_fsw_core.dir/fsw/src/command_packet.cpp.o
[ 33%] Building CXX object CMakeFiles/astra_fsw_core.dir/fsw/src/flight_software_app.cpp.o
[ 38%] Building CXX object CMakeFiles/astra_fsw_core.dir/fsw/src/udp_command_receiver.cpp.o
[ 50%] Building CXX object CMakeFiles/astra_fsw_core.dir/fsw/src/rate_group_scheduler.cpp.o
[ 44%] Building CXX object CMakeFiles/astra_fsw_core.dir/fsw/src/telemetry_packet.cpp.o
[ 55%] Building CXX object CMakeFiles/astra_fsw_core.dir/fsw/src/ground_command_guard.cpp.o
[ 61%] Building CXX object CMakeFiles/astra_fsw_core.dir/fsw/src/watchdog.cpp.o
[ 66%] Building CXX object CMakeFiles/astra_fsw_core.dir/fsw/src/health_monitor.cpp.o
[ 72%] Building CXX object CMakeFiles/astra_fsw_core.dir/fsw/src/fdir_manager.cpp.o
[ 77%] Building CXX object CMakeFiles/astra_fsw_core.dir/fsw/src/configuration_service.cpp.o
[ 83%] Building CXX object CMakeFiles/astra_fsw_core.dir/fsw/src/flight_software_executive.cpp.o
[ 88%] Linking CXX static library libastra_fsw_core.a
[ 88%] Built target astra_fsw_core
[ 94%] Building CXX object CMakeFiles/astra_command_tests.dir/fsw/tests/test_command_packet.cpp.o
[100%] Linking CXX executable astra_command_tests
[100%] Built target astra_command_tests
Internal ctest changing into directory: /tmp/astra-os-mutation-lvwglo1b/build
Test project /tmp/astra-os-mutation-lvwglo1b/build
    Start 4: command_packet_tests
1/1 Test #4: command_packet_tests .............***Failed    0.01 sec
Running CommandPacket tests...
[PASS] serialized command packet has fixed expected size
[PASS] valid SET_MODE command deserializes
[PASS] sequence number round trip
[PASS] timestamp round trip
[PASS] command id round trip
[PASS] argument round trip
[PASS] valid INJECT_FAULT command deserializes
[PASS] inject fault command id round trip
[PASS] inject fault argument round trip
[FAIL] corrupted command rejected by CRC
[PASS] wrong-size command rejected
[PASS] every truncated command length is rejected
[PASS] oversized command rejected
[PASS] invalid command id rejected even with valid CRC
[PASS] invalid magic rejected even with valid CRC
[PASS] unsupported command version rejected even with valid CRC
[PASS] single-bit campaign executes 208 mutations
[FAIL] all single-bit command corruptions are rejected
[PASS] invalid empty packet is rejected
[PASS] failed decode preserves sequence output
[PASS] failed decode preserves timestamp output
[PASS] failed decode preserves command output
[PASS] failed decode preserves argument output
[PASS] valid mode argument accepted
[PASS] mode argument decoded
[PASS] invalid mode argument rejected
[PASS] valid fault argument accepted
[PASS] fault argument decoded
[PASS] invalid fault argument rejected
[PASS] command id string conversion works
2 CommandPacket test(s) failed.


0% tests passed, 1 tests failed out of 1

Total Test time (real) =   0.02 sec

The following tests FAILED:
	  4 - command_packet_tests (Failed)
Errors while running CTest
+ cmake -S /tmp/astra-os-mutation-lvwglo1b/source -B /tmp/astra-os-mutation-lvwglo1b/build -DCMAKE_BUILD_TYPE=Debug -DASTRA_WARNINGS_AS_ERRORS=ON
+ cmake --build /tmp/astra-os-mutation-lvwglo1b/build --target astra_command_tests --parallel
+ ctest --test-dir /tmp/astra-os-mutation-lvwglo1b/build --tests-regex ^command_packet_tests$ --output-on-failure
MUTATION KILLED: command-packet tests detected the disabled CRC rejection path.
[PASS] controlled_mutation

Assurance status: PASSED
Summary: reports/latest/assurance_summary.json
Manifest: reports/latest/baseline_manifest.json
